app/build/intermediates/manifest_merge_blame_file/release/processReleaseMainManifest/manifest-merger-blame-release-report.txt
1<?xml version="1.0" encoding="utf-8"?>
2<manifest xmlns:android="http://schemas.android.com/apk/res/android"
3    package="com.example.submisiawal2"
4    android:versionCode="1"
5    android:versionName="1.0" >
6
7    <uses-sdk
8        android:minSdkVersion="24"
9        android:targetSdkVersion="34" />
10
11    <!-- Permission will be merged into the manifest of the hosting app. -->
12    <!-- Is required to launch foreground extraction service for targetSdkVersion 28+. -->
13    <uses-permission android:name="android.permission.FOREGROUND_SERVICE" /> <!-- Is required to launch foreground extraction service for targetSdkVersion 34+. -->
13-->[com.google.android.play:asset-delivery:2.3.0] AndroidManifest.xml:14:5-77
13-->[com.google.android.play:asset-delivery:2.3.0] AndroidManifest.xml:14:22-74
14    <uses-permission android:name="android.permission.FOREGROUND_SERVICE_DATA_SYNC" />
14-->[com.google.android.play:asset-delivery:2.3.0] AndroidManifest.xml:16:5-87
14-->[com.google.android.play:asset-delivery:2.3.0] AndroidManifest.xml:16:22-84
15    <uses-permission android:name="android.permission.WAKE_LOCK" />
15-->[androidx.work:work-runtime:2.10.0] AndroidManifest.xml:23:5-68
15-->[androidx.work:work-runtime:2.10.0] AndroidManifest.xml:23:22-65
16    <uses-permission android:name="android.permission.ACCESS_NETWORK_STATE" />
16-->[androidx.work:work-runtime:2.10.0] AndroidManifest.xml:24:5-79
16-->[androidx.work:work-runtime:2.10.0] AndroidManifest.xml:24:22-76
17    <uses-permission android:name="android.permission.RECEIVE_BOOT_COMPLETED" />
17-->[androidx.work:work-runtime:2.10.0] AndroidManifest.xml:25:5-81
17-->[androidx.work:work-runtime:2.10.0] AndroidManifest.xml:25:22-78
18
19    <permission
19-->[androidx.core:core:1.13.0] AndroidManifest.xml:22:5-24:47
20        android:name="com.example.submisiawal2.DYNAMIC_RECEIVER_NOT_EXPORTED_PERMISSION"
20-->[androidx.core:core:1.13.0] AndroidManifest.xml:23:9-81
21        android:protectionLevel="signature" />
21-->[androidx.core:core:1.13.0] AndroidManifest.xml:24:9-44
22
23    <uses-permission android:name="com.example.submisiawal2.DYNAMIC_RECEIVER_NOT_EXPORTED_PERMISSION" />
23-->[androidx.core:core:1.13.0] AndroidManifest.xml:26:5-97
23-->[androidx.core:core:1.13.0] AndroidManifest.xml:26:22-94
24    <uses-permission android:name="android.permission.INTERNET" />
24-->[com.loopj.android:android-async-http:1.4.11] AndroidManifest.xml:9:5-67
24-->[com.loopj.android:android-async-http:1.4.11] AndroidManifest.xml:9:22-64
25
26    <application
26-->src\main\AndroidManifest.xml:5:5-31:19
27        android:name="com.example.shared.di.MyApplication"
27-->src\main\AndroidManifest.xml:6:9-59
28        android:allowBackup="true"
28-->src\main\AndroidManifest.xml:7:9-35
29        android:appComponentFactory="androidx.core.app.CoreComponentFactory"
29-->[androidx.core:core:1.13.0] AndroidManifest.xml:28:18-86
30        android:dataExtractionRules="@xml/data_extraction_rules"
30-->src\main\AndroidManifest.xml:8:9-65
31        android:extractNativeLibs="false"
32        android:fullBackupContent="@xml/backup_rules"
32-->src\main\AndroidManifest.xml:9:9-54
33        android:icon="@mipmap/ic_launcher"
33-->src\main\AndroidManifest.xml:10:9-43
34        android:label="@string/app_name"
34-->src\main\AndroidManifest.xml:11:9-41
35        android:roundIcon="@mipmap/ic_launcher_round"
35-->src\main\AndroidManifest.xml:12:9-54
36        android:supportsRtl="true"
36-->src\main\AndroidManifest.xml:13:9-35
37        android:theme="@style/Theme.SubmisiAwal2" >
37-->src\main\AndroidManifest.xml:14:9-50
38        <activity
38-->src\main\AndroidManifest.xml:16:9-18:40
39            android:name="com.example.submisiawal2.activity.SettingsActivity"
39-->src\main\AndroidManifest.xml:17:13-54
40            android:exported="false" />
40-->src\main\AndroidManifest.xml:18:13-37
41        <activity
41-->src\main\AndroidManifest.xml:19:9-21:40
42            android:name="com.example.shared.presentation.DetailEventActivity"
42-->src\main\AndroidManifest.xml:20:13-79
43            android:exported="false" />
43-->src\main\AndroidManifest.xml:21:13-37
44        <activity
44-->src\main\AndroidManifest.xml:22:9-30:20
45            android:name="com.example.submisiawal2.activity.MainActivity"
45-->src\main\AndroidManifest.xml:23:13-50
46            android:exported="true" >
46-->src\main\AndroidManifest.xml:24:13-36
47            <intent-filter>
47-->src\main\AndroidManifest.xml:25:13-29:29
48                <action android:name="android.intent.action.MAIN" />
48-->src\main\AndroidManifest.xml:26:17-69
48-->src\main\AndroidManifest.xml:26:25-66
49
50                <category android:name="android.intent.category.LAUNCHER" />
50-->src\main\AndroidManifest.xml:28:17-77
50-->src\main\AndroidManifest.xml:28:27-74
51            </intent-filter>
52        </activity>
53        <!-- The services will be merged into the manifest of the hosting app. -->
54        <service
54-->[com.google.android.play:asset-delivery:2.3.0] AndroidManifest.xml:21:9-28:19
55            android:name="com.google.android.play.core.assetpacks.AssetPackExtractionService"
55-->[com.google.android.play:asset-delivery:2.3.0] AndroidManifest.xml:22:13-94
56            android:enabled="false"
56-->[com.google.android.play:asset-delivery:2.3.0] AndroidManifest.xml:23:13-36
57            android:exported="true" >
57-->[com.google.android.play:asset-delivery:2.3.0] AndroidManifest.xml:24:13-36
58            <meta-data
58-->[com.google.android.play:asset-delivery:2.3.0] AndroidManifest.xml:25:13-27:41
59                android:name="com.google.android.play.core.assetpacks.versionCode"
59-->[com.google.android.play:asset-delivery:2.3.0] AndroidManifest.xml:26:17-83
60                android:value="20300" />
60-->[com.google.android.play:asset-delivery:2.3.0] AndroidManifest.xml:27:17-38
61        </service>
62        <service
62-->[com.google.android.play:asset-delivery:2.3.0] AndroidManifest.xml:29:9-33:56
63            android:name="com.google.android.play.core.assetpacks.ExtractionForegroundService"
63-->[com.google.android.play:asset-delivery:2.3.0] AndroidManifest.xml:30:13-95
64            android:enabled="false"
64-->[com.google.android.play:asset-delivery:2.3.0] AndroidManifest.xml:31:13-36
65            android:exported="false"
65-->[com.google.android.play:asset-delivery:2.3.0] AndroidManifest.xml:32:13-37
66            android:foregroundServiceType="dataSync" />
66-->[com.google.android.play:asset-delivery:2.3.0] AndroidManifest.xml:33:13-53
67
68        <receiver
68-->[com.google.android.play:asset-delivery:2.3.0] AndroidManifest.xml:35:9-43:20
69            android:name="com.google.android.play.core.assetpacks.SessionStateBroadcastReceiver"
69-->[com.google.android.play:asset-delivery:2.3.0] AndroidManifest.xml:36:13-97
70            android:enabled="true"
70-->[com.google.android.play:asset-delivery:2.3.0] AndroidManifest.xml:37:13-35
71            android:exported="true"
71-->[com.google.android.play:asset-delivery:2.3.0] AndroidManifest.xml:38:13-36
72            android:permission="android.permission.INSTALL_PACKAGES" >
72-->[com.google.android.play:asset-delivery:2.3.0] AndroidManifest.xml:39:13-69
73            <intent-filter>
73-->[com.google.android.play:asset-delivery:2.3.0] AndroidManifest.xml:40:13-42:29
74                <action android:name="com.google.android.play.core.assetpacks.receiver.ACTION_SESSION_UPDATE" />
74-->[com.google.android.play:asset-delivery:2.3.0] AndroidManifest.xml:41:17-113
74-->[com.google.android.play:asset-delivery:2.3.0] AndroidManifest.xml:41:25-110
75            </intent-filter>
76        </receiver>
77
78        <meta-data
78-->[com.google.android.gms:play-services-basement:18.4.0] AndroidManifest.xml:6:9-122
79            android:name="com.google.android.gms.version"
79-->[com.google.android.gms:play-services-basement:18.4.0] AndroidManifest.xml:6:20-65
80            android:value="@integer/google_play_services_version" />
80-->[com.google.android.gms:play-services-basement:18.4.0] AndroidManifest.xml:6:66-119
81
82        <provider
82-->[androidx.work:work-runtime:2.10.0] AndroidManifest.xml:29:9-37:20
83            android:name="androidx.startup.InitializationProvider"
83-->[androidx.work:work-runtime:2.10.0] AndroidManifest.xml:30:13-67
84            android:authorities="com.example.submisiawal2.androidx-startup"
84-->[androidx.work:work-runtime:2.10.0] AndroidManifest.xml:31:13-68
85            android:exported="false" >
85-->[androidx.work:work-runtime:2.10.0] AndroidManifest.xml:32:13-37
86            <meta-data
86-->[androidx.work:work-runtime:2.10.0] AndroidManifest.xml:34:13-36:52
87                android:name="androidx.work.WorkManagerInitializer"
87-->[androidx.work:work-runtime:2.10.0] AndroidManifest.xml:35:17-68
88                android:value="androidx.startup" />
88-->[androidx.work:work-runtime:2.10.0] AndroidManifest.xml:36:17-49
89            <meta-data
89-->[androidx.emoji2:emoji2:1.3.0] AndroidManifest.xml:29:13-31:52
90                android:name="androidx.emoji2.text.EmojiCompatInitializer"
90-->[androidx.emoji2:emoji2:1.3.0] AndroidManifest.xml:30:17-75
91                android:value="androidx.startup" />
91-->[androidx.emoji2:emoji2:1.3.0] AndroidManifest.xml:31:17-49
92            <meta-data
92-->[androidx.lifecycle:lifecycle-process:2.8.7] AndroidManifest.xml:29:13-31:52
93                android:name="androidx.lifecycle.ProcessLifecycleInitializer"
93-->[androidx.lifecycle:lifecycle-process:2.8.7] AndroidManifest.xml:30:17-78
94                android:value="androidx.startup" />
94-->[androidx.lifecycle:lifecycle-process:2.8.7] AndroidManifest.xml:31:17-49
95            <meta-data
95-->[androidx.profileinstaller:profileinstaller:1.4.0] AndroidManifest.xml:29:13-31:52
96                android:name="androidx.profileinstaller.ProfileInstallerInitializer"
96-->[androidx.profileinstaller:profileinstaller:1.4.0] AndroidManifest.xml:30:17-85
97                android:value="androidx.startup" />
97-->[androidx.profileinstaller:profileinstaller:1.4.0] AndroidManifest.xml:31:17-49
98        </provider>
99
100        <service
100-->[androidx.work:work-runtime:2.10.0] AndroidManifest.xml:39:9-45:35
101            android:name="androidx.work.impl.background.systemalarm.SystemAlarmService"
101-->[androidx.work:work-runtime:2.10.0] AndroidManifest.xml:40:13-88
102            android:directBootAware="false"
102-->[androidx.work:work-runtime:2.10.0] AndroidManifest.xml:41:13-44
103            android:enabled="@bool/enable_system_alarm_service_default"
103-->[androidx.work:work-runtime:2.10.0] AndroidManifest.xml:42:13-72
104            android:exported="false" />
104-->[androidx.work:work-runtime:2.10.0] AndroidManifest.xml:43:13-37
105        <service
105-->[androidx.work:work-runtime:2.10.0] AndroidManifest.xml:46:9-52:35
106            android:name="androidx.work.impl.background.systemjob.SystemJobService"
106-->[androidx.work:work-runtime:2.10.0] AndroidManifest.xml:47:13-84
107            android:directBootAware="false"
107-->[androidx.work:work-runtime:2.10.0] AndroidManifest.xml:48:13-44
108            android:enabled="@bool/enable_system_job_service_default"
108-->[androidx.work:work-runtime:2.10.0] AndroidManifest.xml:49:13-70
109            android:exported="true"
109-->[androidx.work:work-runtime:2.10.0] AndroidManifest.xml:50:13-36
110            android:permission="android.permission.BIND_JOB_SERVICE" />
110-->[androidx.work:work-runtime:2.10.0] AndroidManifest.xml:51:13-69
111        <service
111-->[androidx.work:work-runtime:2.10.0] AndroidManifest.xml:53:9-59:35
112            android:name="androidx.work.impl.foreground.SystemForegroundService"
112-->[androidx.work:work-runtime:2.10.0] AndroidManifest.xml:54:13-81
113            android:directBootAware="false"
113-->[androidx.work:work-runtime:2.10.0] AndroidManifest.xml:55:13-44
114            android:enabled="@bool/enable_system_foreground_service_default"
114-->[androidx.work:work-runtime:2.10.0] AndroidManifest.xml:56:13-77
115            android:exported="false" />
115-->[androidx.work:work-runtime:2.10.0] AndroidManifest.xml:57:13-37
116
117        <receiver
117-->[androidx.work:work-runtime:2.10.0] AndroidManifest.xml:61:9-66:35
118            android:name="androidx.work.impl.utils.ForceStopRunnable$BroadcastReceiver"
118-->[androidx.work:work-runtime:2.10.0] AndroidManifest.xml:62:13-88
119            android:directBootAware="false"
119-->[androidx.work:work-runtime:2.10.0] AndroidManifest.xml:63:13-44
120            android:enabled="true"
120-->[androidx.work:work-runtime:2.10.0] AndroidManifest.xml:64:13-35
121            android:exported="false" />
121-->[androidx.work:work-runtime:2.10.0] AndroidManifest.xml:65:13-37
122        <receiver
122-->[androidx.work:work-runtime:2.10.0] AndroidManifest.xml:67:9-77:20
123            android:name="androidx.work.impl.background.systemalarm.ConstraintProxy$BatteryChargingProxy"
123-->[androidx.work:work-runtime:2.10.0] AndroidManifest.xml:68:13-106
124            android:directBootAware="false"
124-->[androidx.work:work-runtime:2.10.0] AndroidManifest.xml:69:13-44
125            android:enabled="false"
125-->[androidx.work:work-runtime:2.10.0] AndroidManifest.xml:70:13-36
126            android:exported="false" >
126-->[androidx.work:work-runtime:2.10.0] AndroidManifest.xml:71:13-37
127            <intent-filter>
127-->[androidx.work:work-runtime:2.10.0] AndroidManifest.xml:73:13-76:29
128                <action android:name="android.intent.action.ACTION_POWER_CONNECTED" />
128-->[androidx.work:work-runtime:2.10.0] AndroidManifest.xml:74:17-87
128-->[androidx.work:work-runtime:2.10.0] AndroidManifest.xml:74:25-84
129                <action android:name="android.intent.action.ACTION_POWER_DISCONNECTED" />
129-->[androidx.work:work-runtime:2.10.0] AndroidManifest.xml:75:17-90
129-->[androidx.work:work-runtime:2.10.0] AndroidManifest.xml:75:25-87
130            </intent-filter>
131        </receiver>
132        <receiver
132-->[androidx.work:work-runtime:2.10.0] AndroidManifest.xml:78:9-88:20
133            android:name="androidx.work.impl.background.systemalarm.ConstraintProxy$BatteryNotLowProxy"
133-->[androidx.work:work-runtime:2.10.0] AndroidManifest.xml:79:13-104
134            android:directBootAware="false"
134-->[androidx.work:work-runtime:2.10.0] AndroidManifest.xml:80:13-44
135            android:enabled="false"
135-->[androidx.work:work-runtime:2.10.0] AndroidManifest.xml:81:13-36
136            android:exported="false" >
136-->[androidx.work:work-runtime:2.10.0] AndroidManifest.xml:82:13-37
137            <intent-filter>
137-->[androidx.work:work-runtime:2.10.0] AndroidManifest.xml:84:13-87:29
138                <action android:name="android.intent.action.BATTERY_OKAY" />
138-->[androidx.work:work-runtime:2.10.0] AndroidManifest.xml:85:17-77
138-->[androidx.work:work-runtime:2.10.0] AndroidManifest.xml:85:25-74
139                <action android:name="android.intent.action.BATTERY_LOW" />
139-->[androidx.work:work-runtime:2.10.0] AndroidManifest.xml:86:17-76
139-->[androidx.work:work-runtime:2.10.0] AndroidManifest.xml:86:25-73
140            </intent-filter>
141        </receiver>
142        <receiver
142-->[androidx.work:work-runtime:2.10.0] AndroidManifest.xml:89:9-99:20
143            android:name="androidx.work.impl.background.systemalarm.ConstraintProxy$StorageNotLowProxy"
143-->[androidx.work:work-runtime:2.10.0] AndroidManifest.xml:90:13-104
144            android:directBootAware="false"
144-->[androidx.work:work-runtime:2.10.0] AndroidManifest.xml:91:13-44
145            android:enabled="false"
145-->[androidx.work:work-runtime:2.10.0] AndroidManifest.xml:92:13-36
146            android:exported="false" >
146-->[androidx.work:work-runtime:2.10.0] AndroidManifest.xml:93:13-37
147            <intent-filter>
147-->[androidx.work:work-runtime:2.10.0] AndroidManifest.xml:95:13-98:29
148                <action android:name="android.intent.action.DEVICE_STORAGE_LOW" />
148-->[androidx.work:work-runtime:2.10.0] AndroidManifest.xml:96:17-83
148-->[androidx.work:work-runtime:2.10.0] AndroidManifest.xml:96:25-80
149                <action android:name="android.intent.action.DEVICE_STORAGE_OK" />
149-->[androidx.work:work-runtime:2.10.0] AndroidManifest.xml:97:17-82
149-->[androidx.work:work-runtime:2.10.0] AndroidManifest.xml:97:25-79
150            </intent-filter>
151        </receiver>
152        <receiver
152-->[androidx.work:work-runtime:2.10.0] AndroidManifest.xml:100:9-109:20
153            android:name="androidx.work.impl.background.systemalarm.ConstraintProxy$NetworkStateProxy"
153-->[androidx.work:work-runtime:2.10.0] AndroidManifest.xml:101:13-103
154            android:directBootAware="false"
154-->[androidx.work:work-runtime:2.10.0] AndroidManifest.xml:102:13-44
155            android:enabled="false"
155-->[androidx.work:work-runtime:2.10.0] AndroidManifest.xml:103:13-36
156            android:exported="false" >
156-->[androidx.work:work-runtime:2.10.0] AndroidManifest.xml:104:13-37
157            <intent-filter>
157-->[androidx.work:work-runtime:2.10.0] AndroidManifest.xml:106:13-108:29
158                <action android:name="android.net.conn.CONNECTIVITY_CHANGE" />
158-->[androidx.work:work-runtime:2.10.0] AndroidManifest.xml:107:17-79
158-->[androidx.work:work-runtime:2.10.0] AndroidManifest.xml:107:25-76
159            </intent-filter>
160        </receiver>
161        <receiver
161-->[androidx.work:work-runtime:2.10.0] AndroidManifest.xml:110:9-121:20
162            android:name="androidx.work.impl.background.systemalarm.RescheduleReceiver"
162-->[androidx.work:work-runtime:2.10.0] AndroidManifest.xml:111:13-88
163            android:directBootAware="false"
163-->[androidx.work:work-runtime:2.10.0] AndroidManifest.xml:112:13-44
164            android:enabled="false"
164-->[androidx.work:work-runtime:2.10.0] AndroidManifest.xml:113:13-36
165            android:exported="false" >
165-->[androidx.work:work-runtime:2.10.0] AndroidManifest.xml:114:13-37
166            <intent-filter>
166-->[androidx.work:work-runtime:2.10.0] AndroidManifest.xml:116:13-120:29
167                <action android:name="android.intent.action.BOOT_COMPLETED" />
167-->[androidx.work:work-runtime:2.10.0] AndroidManifest.xml:117:17-79
167-->[androidx.work:work-runtime:2.10.0] AndroidManifest.xml:117:25-76
168                <action android:name="android.intent.action.TIME_SET" />
168-->[androidx.work:work-runtime:2.10.0] AndroidManifest.xml:118:17-73
168-->[androidx.work:work-runtime:2.10.0] AndroidManifest.xml:118:25-70
169                <action android:name="android.intent.action.TIMEZONE_CHANGED" />
169-->[androidx.work:work-runtime:2.10.0] AndroidManifest.xml:119:17-81
169-->[androidx.work:work-runtime:2.10.0] AndroidManifest.xml:119:25-78
170            </intent-filter>
171        </receiver>
172        <receiver
172-->[androidx.work:work-runtime:2.10.0] AndroidManifest.xml:122:9-131:20
173            android:name="androidx.work.impl.background.systemalarm.ConstraintProxyUpdateReceiver"
173-->[androidx.work:work-runtime:2.10.0] AndroidManifest.xml:123:13-99
174            android:directBootAware="false"
174-->[androidx.work:work-runtime:2.10.0] AndroidManifest.xml:124:13-44
175            android:enabled="@bool/enable_system_alarm_service_default"
175-->[androidx.work:work-runtime:2.10.0] AndroidManifest.xml:125:13-72
176            android:exported="false" >
176-->[androidx.work:work-runtime:2.10.0] AndroidManifest.xml:126:13-37
177            <intent-filter>
177-->[androidx.work:work-runtime:2.10.0] AndroidManifest.xml:128:13-130:29
178                <action android:name="androidx.work.impl.background.systemalarm.UpdateProxies" />
178-->[androidx.work:work-runtime:2.10.0] AndroidManifest.xml:129:17-98
178-->[androidx.work:work-runtime:2.10.0] AndroidManifest.xml:129:25-95
179            </intent-filter>
180        </receiver>
181        <receiver
181-->[androidx.work:work-runtime:2.10.0] AndroidManifest.xml:132:9-142:20
182            android:name="androidx.work.impl.diagnostics.DiagnosticsReceiver"
182-->[androidx.work:work-runtime:2.10.0] AndroidManifest.xml:133:13-78
183            android:directBootAware="false"
183-->[androidx.work:work-runtime:2.10.0] AndroidManifest.xml:134:13-44
184            android:enabled="true"
184-->[androidx.work:work-runtime:2.10.0] AndroidManifest.xml:135:13-35
185            android:exported="true"
185-->[androidx.work:work-runtime:2.10.0] AndroidManifest.xml:136:13-36
186            android:permission="android.permission.DUMP" >
186-->[androidx.work:work-runtime:2.10.0] AndroidManifest.xml:137:13-57
187            <intent-filter>
187-->[androidx.work:work-runtime:2.10.0] AndroidManifest.xml:139:13-141:29
188                <action android:name="androidx.work.diagnostics.REQUEST_DIAGNOSTICS" />
188-->[androidx.work:work-runtime:2.10.0] AndroidManifest.xml:140:17-88
188-->[androidx.work:work-runtime:2.10.0] AndroidManifest.xml:140:25-85
189            </intent-filter>
190        </receiver>
191
192        <uses-library
192-->[androidx.window:window:1.0.0] AndroidManifest.xml:25:9-27:40
193            android:name="androidx.window.extensions"
193-->[androidx.window:window:1.0.0] AndroidManifest.xml:26:13-54
194            android:required="false" />
194-->[androidx.window:window:1.0.0] AndroidManifest.xml:27:13-37
195        <uses-library
195-->[androidx.window:window:1.0.0] AndroidManifest.xml:28:9-30:40
196            android:name="androidx.window.sidecar"
196-->[androidx.window:window:1.0.0] AndroidManifest.xml:29:13-51
197            android:required="false" />
197-->[androidx.window:window:1.0.0] AndroidManifest.xml:30:13-37
198
199        <service
199-->[androidx.room:room-runtime:2.6.1] AndroidManifest.xml:24:9-28:63
200            android:name="androidx.room.MultiInstanceInvalidationService"
200-->[androidx.room:room-runtime:2.6.1] AndroidManifest.xml:25:13-74
201            android:directBootAware="true"
201-->[androidx.room:room-runtime:2.6.1] AndroidManifest.xml:26:13-43
202            android:exported="false" />
202-->[androidx.room:room-runtime:2.6.1] AndroidManifest.xml:27:13-37
203
204        <receiver
204-->[androidx.profileinstaller:profileinstaller:1.4.0] AndroidManifest.xml:34:9-52:20
205            android:name="androidx.profileinstaller.ProfileInstallReceiver"
205-->[androidx.profileinstaller:profileinstaller:1.4.0] AndroidManifest.xml:35:13-76
206            android:directBootAware="false"
206-->[androidx.profileinstaller:profileinstaller:1.4.0] AndroidManifest.xml:36:13-44
207            android:enabled="true"
207-->[androidx.profileinstaller:profileinstaller:1.4.0] AndroidManifest.xml:37:13-35
208            android:exported="true"
208-->[androidx.profileinstaller:profileinstaller:1.4.0] AndroidManifest.xml:38:13-36
209            android:permission="android.permission.DUMP" >
209-->[androidx.profileinstaller:profileinstaller:1.4.0] AndroidManifest.xml:39:13-57
210            <intent-filter>
210-->[androidx.profileinstaller:profileinstaller:1.4.0] AndroidManifest.xml:40:13-42:29
211                <action android:name="androidx.profileinstaller.action.INSTALL_PROFILE" />
211-->[androidx.profileinstaller:profileinstaller:1.4.0] AndroidManifest.xml:41:17-91
211-->[androidx.profileinstaller:profileinstaller:1.4.0] AndroidManifest.xml:41:25-88
212            </intent-filter>
213            <intent-filter>
213-->[androidx.profileinstaller:profileinstaller:1.4.0] AndroidManifest.xml:43:13-45:29
214                <action android:name="androidx.profileinstaller.action.SKIP_FILE" />
214-->[androidx.profileinstaller:profileinstaller:1.4.0] AndroidManifest.xml:44:17-85
214-->[androidx.profileinstaller:profileinstaller:1.4.0] AndroidManifest.xml:44:25-82
215            </intent-filter>
216            <intent-filter>
216-->[androidx.profileinstaller:profileinstaller:1.4.0] AndroidManifest.xml:46:13-48:29
217                <action android:name="androidx.profileinstaller.action.SAVE_PROFILE" />
217-->[androidx.profileinstaller:profileinstaller:1.4.0] AndroidManifest.xml:47:17-88
217-->[androidx.profileinstaller:profileinstaller:1.4.0] AndroidManifest.xml:47:25-85
218            </intent-filter>
219            <intent-filter>
219-->[androidx.profileinstaller:profileinstaller:1.4.0] AndroidManifest.xml:49:13-51:29
220                <action android:name="androidx.profileinstaller.action.BENCHMARK_OPERATION" />
220-->[androidx.profileinstaller:profileinstaller:1.4.0] AndroidManifest.xml:50:17-95
220-->[androidx.profileinstaller:profileinstaller:1.4.0] AndroidManifest.xml:50:25-92
221            </intent-filter>
222        </receiver> <!-- The activities will be merged into the manifest of the hosting app. -->
223        <activity
223-->[com.google.android.play:core-common:2.0.4] AndroidManifest.xml:14:9-18:65
224            android:name="com.google.android.play.core.common.PlayCoreDialogWrapperActivity"
224-->[com.google.android.play:core-common:2.0.4] AndroidManifest.xml:15:13-93
225            android:exported="false"
225-->[com.google.android.play:core-common:2.0.4] AndroidManifest.xml:16:13-37
226            android:stateNotNeeded="true"
226-->[com.google.android.play:core-common:2.0.4] AndroidManifest.xml:17:13-42
227            android:theme="@style/Theme.PlayCore.Transparent" />
227-->[com.google.android.play:core-common:2.0.4] AndroidManifest.xml:18:13-62
228        <activity
228-->[:favorite] AndroidManifest.xml:22:9-25:44
229            android:name="com.example.favorite.FavoriteDynamicActivity"
229-->[:favorite] AndroidManifest.xml:23:13-72
230            android:exported="false"
230-->[:favorite] AndroidManifest.xml:24:13-37
231            android:splitName="favorite" />
231-->[:favorite] AndroidManifest.xml:25:13-41
232    </application>
233
234</manifest>